2014-06-30 17:42:08,933 - Log4JLogChute initialized using file 'velocity.log'
2014-06-30 17:42:08,934 - Initializing Velocity, Calling init()...
2014-06-30 17:42:08,934 - Starting Apache Velocity v1.7 (compiled: 2010-11-19 12:14:37)
2014-06-30 17:42:08,934 - Default Properties File: org\apache\velocity\runtime\defaults\velocity.properties
2014-06-30 17:42:08,935 - Trying to use logger class org.apache.velocity.runtime.log.Log4JLogChute
2014-06-30 17:42:08,935 - Using logger class org.apache.velocity.runtime.log.Log4JLogChute
2014-06-30 17:42:08,942 - ResourceLoader instantiated: org.apache.velocity.runtime.resource.loader.ClasspathResourceLoader
2014-06-30 17:42:09,056 - ResourceCache: initialized (class org.apache.velocity.runtime.resource.ResourceCacheImpl) with class java.util.Collections$SynchronizedMap cache map.
2014-06-30 17:42:09,059 - Loaded System Directive: org.apache.velocity.runtime.directive.Stop
2014-06-30 17:42:09,061 - Loaded System Directive: org.apache.velocity.runtime.directive.Define
2014-06-30 17:42:09,062 - Loaded System Directive: org.apache.velocity.runtime.directive.Break
2014-06-30 17:42:09,064 - Loaded System Directive: org.apache.velocity.runtime.directive.Evaluate
2014-06-30 17:42:09,066 - Loaded System Directive: org.apache.velocity.runtime.directive.Literal
2014-06-30 17:42:09,068 - Loaded System Directive: org.apache.velocity.runtime.directive.Macro
2014-06-30 17:42:09,070 - Loaded System Directive: org.apache.velocity.runtime.directive.Parse
2014-06-30 17:42:09,073 - Loaded System Directive: org.apache.velocity.runtime.directive.Include
2014-06-30 17:42:09,075 - Loaded System Directive: org.apache.velocity.runtime.directive.Foreach
2014-06-30 17:42:09,225 - Created '20' parsers.
2014-06-30 17:42:09,239 - Velocimacro : "velocimacro.library" is not set.  Trying default library: VM_global_library.vm
2014-06-30 17:42:09,245 - Could not load resource 'VM_global_library.vm' from ResourceLoader org.apache.velocity.runtime.resource.loader.ClasspathResourceLoader: ClasspathResourceLoader Error: cannot find resource VM_global_library.vm
2014-06-30 17:42:09,245 - Velocimacro : Default library not found.
2014-06-30 17:42:09,245 - Velocimacro : allowInline = true : VMs can be defined inline in templates
2014-06-30 17:42:09,245 - Velocimacro : allowInlineToOverride = false : VMs defined inline may NOT replace previous VM definitions
2014-06-30 17:42:09,245 - Velocimacro : allowInlineLocal = false : VMs defined inline will be global in scope if allowed.
2014-06-30 17:42:09,245 - Velocimacro : autoload off : VM system will not automatically reload global library macros
2014-06-30 17:42:09,280 - ResourceManager : found pasterTemplate.vsl with loader org.apache.velocity.runtime.resource.loader.ClasspathResourceLoader
2014-06-30 17:42:09,282 - ResourceManager : found youtubeTemplate.vsl with loader org.apache.velocity.runtime.resource.loader.ClasspathResourceLoader
2014-06-30 17:42:09,284 - ResourceManager : found shareTemplate.vsl with loader org.apache.velocity.runtime.resource.loader.ClasspathResourceLoader
